<?xml version="1.0" encoding="UTF-8"?>
<!-- Generated by org.testng.reporters.JUnitReportReporter -->
<testsuite hostname="LTIN328482" failures="0" tests="1" name="handsOn.CaseStudy_1" time="0.011" errors="0" timestamp="2023-08-28T15:36:59 IST" skipped="0">
  <testcase classname="handsOn.CaseStudy_1" name="test" time="0.011"/>
</testsuite> <!-- handsOn.CaseStudy_1 -->
