<?xml version="1.0" encoding="UTF-8"?>
<!-- Generated by org.testng.reporters.JUnitReportReporter -->
<testsuite hostname="LTIN328482" failures="0" tests="1" name="handsOn.CaseStudy_9" time="1.456" errors="0" timestamp="2023-12-06T07:01:58 IST" skipped="0">
  <testcase classname="handsOn.CaseStudy_9" name="dragAndDrop" time="1.456"/>
</testsuite> <!-- handsOn.CaseStudy_9 -->
