<?xml version="1.0" encoding="UTF-8"?>
<!-- Generated by org.testng.reporters.JUnitReportReporter -->
<testsuite hostname="LTIN328482" failures="0" tests="1" name="handsOn.CaseStudy_11" time="1.576" errors="0" timestamp="2023-12-06T07:04:10 IST" skipped="0">
  <testcase classname="handsOn.CaseStudy_11" name="mouseHovering" time="1.576"/>
</testsuite> <!-- handsOn.CaseStudy_11 -->
